01-10-2021 08:12:53 INFO [TC_07_DemoWebShop_PlaceOrder]: Login button is clicked
01-10-2021 08:12:53 INFO [TC_07_DemoWebShop_PlaceOrder]: Email Id is entered
01-10-2021 08:12:53 INFO [TC_07_DemoWebShop_PlaceOrder]: Password is entered
01-10-2021 08:24:17 INFO [Log]: *****************************************************************
01-10-2021 08:24:17 INFO [Log]: **********TC_07_DemoWebShop_PlaceOrder************
01-10-2021 08:24:17 INFO [Log]: ******************************************************************
01-10-2021 08:24:17 INFO [Log]: Path of the Project is :C:\Users\AaradhyaVashisht\git\SeleniumLearning
01-10-2021 08:24:25 INFO [Log]: Login button is clicked
01-10-2021 08:24:25 INFO [Log]: Email Id is entered
01-10-2021 08:24:25 INFO [Log]: Password is entered
01-10-2021 08:26:16 INFO [Log]: *****************************************************************
01-10-2021 08:26:16 INFO [Log]: **********TC_07_DemoWebShop_PlaceOrder************
01-10-2021 08:26:16 INFO [Log]: ******************************************************************
01-10-2021 08:26:16 INFO [Log]: Path of the Project is :C:\Users\AaradhyaVashisht\git\SeleniumLearning
01-10-2021 08:26:22 INFO [Log]: Login button is clicked
01-10-2021 08:26:22 INFO [Log]: Email Id is entered
01-10-2021 08:26:22 INFO [Log]: Password is entered
01-10-2021 08:26:34 INFO [Log]: Browser is closed
01-10-2021 08:26:34 INFO [Log]: XXX---------E-N-D--------------XXX
01-10-2021 08:26:34 INFO [Log]: X
01-10-2021 08:26:34 INFO [Log]: X
01-Oct-2021 08:27:57 INFO [Log]: *****************************************************************
01-Oct-2021 08:27:57 INFO [Log]: **********TC_07_DemoWebShop_PlaceOrder************
01-Oct-2021 08:27:57 INFO [Log]: ******************************************************************
01-Oct-2021 08:27:57 INFO [Log]: Path of the Project is :C:\Users\AaradhyaVashisht\git\SeleniumLearning
01-Oct-2021 08:28:03 INFO [Log]: Login button is clicked
01-Oct-2021 08:28:03 INFO [Log]: Email Id is entered
01-Oct-2021 08:28:04 INFO [Log]: Password is entered
01-Oct-2021 08:28:15 INFO [Log]: Browser is closed
01-Oct-2021 08:28:15 INFO [Log]: XXX---------E-N-D--------------XXX
01-Oct-2021 08:28:15 INFO [Log]: X
01-Oct-2021 08:28:15 INFO [Log]: X
01-10-2021 08:30:47 INFO [Log]: *****************************************************************
01-10-2021 08:30:47 INFO [Log]: **********TC_07_DemoWebShop_PlaceOrder************
01-10-2021 08:30:47 INFO [Log]: ******************************************************************
01-10-2021 08:30:47 INFO [Log]: Path of the Project is :C:\Users\AaradhyaVashisht\git\SeleniumLearning
01-10-2021 08:30:53 INFO [Log]: Login button is clicked
01-10-2021 08:30:54 INFO [Log]: Email Id is entered
01-10-2021 08:30:54 INFO [Log]: Password is entered
01-10-2021 08:31:05 INFO [Log]: Browser is closed
01-10-2021 08:31:05 INFO [Log]: XXX---------E-N-D--------------XXX
01-10-2021 08:31:05 INFO [Log]: X
01-10-2021 08:31:05 INFO [Log]: X
